
Imported Customizer Settings {"astra-settings":{"blog-single-post-structure":["single-image","single-title-meta"],"blog-single-width":"default","blog-single-max-width":1200,"blog-single-meta":["comments","category","author"],"blog-post-structure":["image","title-meta"],"blog-width":"default","blog-max-width":1200,"blog-post-content":"excerpt","blog-meta":["comments","category","author"],"text-color":"var(--ast-global-color-3)","link-color":"var(--ast-global-color-0)","theme-color":"var(--ast-global-color-0)","link-h-color":"var(--ast-global-color-1)","heading-base-color":"var(--ast-global-color-2)","footer-bg-obj":{"background-color":"#ffffff","background-image":"","background-repeat":"repeat","background-position":"center center","background-size":"auto","background-attachment":"scroll","background-type":"","background-media":""},"footer-color":"rgba(41,45,61,0.7)","footer-link-color":"#292d3d","footer-link-h-color":"#ff5b00","footer-adv-bg-obj":{"background-color":"","background-image":"","background-repeat":"repeat","background-position":"center center","background-size":"auto","background-attachment":"scroll","background-type":"","background-media":""},"footer-adv-text-color":"","footer-adv-link-color":"","footer-adv-link-h-color":"","footer-adv-wgt-title-color":"","button-color":"var(--ast-global-color-5)","button-h-color":"var(--ast-global-color-5)","button-bg-color":"var(--ast-global-color-0)","button-bg-h-color":"var(--ast-global-color-1)","theme-button-padding":{"desktop":{"top":"17","right":"26","bottom":"17","left":"26"},"tablet":{"top":"","right":"","bottom":"","left":""},"mobile":{"top":"","right":"","bottom":"","left":""},"desktop-unit":"px","tablet-unit":"px","mobile-unit":"px"},"button-radius":50,"theme-button-border-group-border-size":{"top":"","right":"","bottom":"","left":""},"footer-sml-layout":"disabled","footer-sml-section-1":"","footer-sml-section-1-credit":"","footer-sml-section-2":"","footer-sml-section-2-credit":"","footer-sml-dist-equal-align":true,"footer-sml-divider":1,"footer-sml-divider-color":"rgba(41,45,61,0.17)","footer-layout-width":"content","ast-header-retina-logo":"","ast-header-logo-width":"","ast-header-responsive-logo-width":{"desktop":"250","tablet":"200","mobile":"160"},"header-color-site-title":"","header-color-h-site-title":"","header-color-site-tagline":"","display-site-title-responsive":{"desktop":false,"tablet":false,"mobile":false},"display-site-tagline-responsive":{"desktop":false,"tablet":false,"mobile":false},"logo-title-inline":false,"disable-primary-nav":false,"header-layouts":"header-main-layout-1","header-main-rt-section":"widget","header-display-outside-menu":false,"header-main-rt-section-html":"[give_form id=\"401\"]","header-main-rt-section-button-text":"DONATE","header-main-rt-section-button-link":"#","header-main-rt-section-button-link-option":{"url":"#","new_tab":false,"link_rel":""},"header-main-rt-section-button-style":"custom-button","header-main-rt-section-button-text-color":"","header-main-rt-section-button-back-color":"","header-main-rt-section-button-text-h-color":"#ffffff","header-main-rt-section-button-back-h-color":"#ff7023","header-main-rt-section-button-padding":{"desktop":{"top":"10","right":"45","bottom":"10","left":"45"},"tablet":{"top":"","right":"","bottom":"","left":""},"mobile":{"top":"","right":"","bottom":"","left":""},"desktop-unit":"px","tablet-unit":"px","mobile-unit":"px"},"header-main-rt-section-button-border-size":{"top":"","right":"","bottom":"","left":""},"header-main-sep":0,"header-main-sep-color":"#f2f2f2","header-main-layout-width":"content","primary-submenu-border":{"top":"2","right":"0","bottom":"0","left":"0"},"primary-submenu-item-border":false,"primary-submenu-b-color":"","primary-submenu-item-b-color":"","primary-header-button-font-family":"inherit","primary-header-button-font-weight":"inherit","primary-header-button-font-size":{"desktop":"","tablet":"","mobile":"","desktop-unit":"px","tablet-unit":"px","mobile-unit":"px"},"primary-header-button-text-transform":"","primary-header-button-line-height":1,"primary-header-button-letter-spacing":"","header-main-menu-label":"","header-main-menu-align":"inline","header-main-submenu-container-animation":"fade","mobile-header-breakpoint":"","mobile-header-logo":"","mobile-header-logo-width":"","site-layout":"ast-full-width-layout","site-content-width":1200,"site-layout-outside-bg-obj-responsive":{"desktop":{"background-color":"var(--ast-global-color-4)","background-image":"","background-repeat":"repeat","background-position":"center center","background-size":"auto","background-attachment":"scroll","background-type":"color","background-media":""},"tablet":{"background-color":"","background-image":"","background-repeat":"repeat","background-position":"center center","background-size":"auto","background-attachment":"scroll","background-type":"","background-media":""},"mobile":{"background-color":"","background-image":"","background-repeat":"repeat","background-position":"center center","background-size":"auto","background-attachment":"scroll","background-type":"","background-media":""}},"content-bg-obj-responsive":{"desktop":{"background-color":"var(--ast-global-color-5)","background-image":"","background-repeat":"repeat","background-position":"center center","background-size":"auto","background-attachment":"scroll","background-type":"color","background-media":""},"tablet":{"background-color":"var(--ast-global-color-5)","background-image":"","background-repeat":"repeat","background-position":"center center","background-size":"auto","background-attachment":"scroll","background-type":"color","background-media":""},"mobile":{"background-color":"var(--ast-global-color-5)","background-image":"","background-repeat":"repeat","background-position":"center center","background-size":"auto","background-attachment":"scroll","background-type":"color","background-media":""}},"site-content-layout":"boxed-container","single-page-content-layout":"default","single-post-content-layout":"default","archive-post-content-layout":"default","body-font-family":"'Montserrat', sans-serif","body-font-variant":"700","body-font-weight":"500","font-size-body":{"desktop":"15","tablet":"","mobile":"","desktop-unit":"px","tablet-unit":"px","mobile-unit":"px"},"body-line-height":"1.7","para-margin-bottom":"","underline-content-links":false,"body-text-transform":"","headings-font-family":"'Playfair Display', serif","headings-font-weight":"700","headings-text-transform":"","headings-line-height":"","font-size-site-title":{"desktop":35,"tablet":"","mobile":"","desktop-unit":"px","tablet-unit":"px","mobile-unit":"px"},"font-size-site-tagline":{"desktop":15,"tablet":"","mobile":"","desktop-unit":"px","tablet-unit":"px","mobile-unit":"px"},"font-size-entry-title":{"desktop":30,"tablet":"","mobile":"","desktop-unit":"px","tablet-unit":"px","mobile-unit":"px"},"font-size-archive-summary-title":{"desktop":40,"tablet":"","mobile":"","desktop-unit":"px","tablet-unit":"px","mobile-unit":"px"},"font-size-page-title":{"desktop":40,"tablet":"","mobile":"","desktop-unit":"px","tablet-unit":"px","mobile-unit":"px"},"font-size-h1":{"desktop":"90","tablet":"50","mobile":"42","desktop-unit":"px","tablet-unit":"px","mobile-unit":"px"},"font-size-h2":{"desktop":"50","tablet":"40","mobile":"28","desktop-unit":"px","tablet-unit":"px","mobile-unit":"px"},"font-size-h3":{"desktop":"25","tablet":"25","mobile":"20","desktop-unit":"px","tablet-unit":"px","mobile-unit":"px"},"font-size-h4":{"desktop":20,"tablet":"","mobile":"","desktop-unit":"px","tablet-unit":"px","mobile-unit":"px"},"font-size-h5":{"desktop":18,"tablet":"","mobile":"","desktop-unit":"px","tablet-unit":"px","mobile-unit":"px"},"font-size-h6":{"desktop":15,"tablet":"","mobile":"","desktop-unit":"px","tablet-unit":"px","mobile-unit":"px"},"site-sidebar-layout":"no-sidebar","site-sidebar-width":30,"single-page-sidebar-layout":"default","single-post-sidebar-layout":"default","archive-post-sidebar-layout":"default","footer-adv":"disabled","footer-adv-border-width":"","footer-adv-border-color":"#7a7a7a","mobile-header-toggle-btn-style":"fill","hide-custom-menu-mobile":false,"mobile-header-toggle-target
Inserted - Post 1592 - attachment - wildlife
Post ID: 1497
Post ID: 1496
Post ID: 1495
Post ID: 1494
Post ID: 1493
Post ID: 1489
Post ID: 1492
Post ID: 1491
Post ID: 1490
Post ID: 1488
---- Processing Images Metadata ----
Inserted - Post 1593 - attachment - founder
Inserted - Post 1594 - attachment - home-bg-4
Inserted - Post 1595 - attachment - home-bg-5
Inserted - Post 1596 - attachment - africa
Inserted - Post 1597 - attachment - australia
Inserted - Post 1598 - attachment - india
Inserted - Post 1599 - attachment - usa
Inserted - Post 1600 - attachment - save-elephants
Inserted - Post 1601 - attachment - save-giraffes
Inserted - Post 1602 - attachment - save-gorillas
Inserted - Post 1603 - attachment - save-kiwi
Inserted - Post 1604 - attachment - save-panda
Inserted - Post 1605 - attachment - save-whales
Inserted - Post 1606 - attachment - bg-graphics2
Inserted - Post 1607 - attachment - bg-graphics
Inserted - Post 1608 - attachment - volunteers
Inserted - Post 1609 - attachment - divider
Inserted - Post 1610 - attachment - gray-elephant
Inserted - Post 1611 - attachment - cta-bg-3
Inserted - Post 1612 - attachment - site-logo-white
Inserted - Post 1613 - attachment - favicon
Inserted - Post 1614 - attachment - demo-screenshot
Inserted - Post 1615 - attachment - save-elephants
Inserted - Post 1616 - attachment - save-giraffes
Inserted - Post 1617 - attachment - save-gorillas
---- Processing Images Metadata Completed ----
Inserted - Post 1618 - attachment - save-kiwi
Inserted - Post 1619 - attachment - save-panda
---- Processing batch process for Customizer start ----
Source - https://websitedemos.net/animal-welfare-02/wp-content/uploads/sites/530/2019/11/site-logo-white.svg
Log - {"id":"650","url":"http:\/\/localhost\/rou_wordpress\/wordpress\/wp-content\/uploads\/2019\/11\/site-logo-white.svg"}
---- Processing batch process for Customizer done ----
Batch Process Complete!
Inserted - Post 1620 - attachment - save-whales
Inserted - Post 1621 - attachment - deer-icon
Inserted - Post 1622 - attachment - forest-icon
Inserted - Post 1623 - attachment - member-icon
Inserted - Post 1624 - nav_menu_item - 
Inserted - Post 1625 - nav_menu_item - About
Inserted - Post 1626 - nav_menu_item - 
Inserted - Post 1627 - nav_menu_item - 
Inserted - Post 1628 - nav_menu_item - 
Inserted - Post 1629 - custom_css - astra
Inserted - Post 1630 - nav_menu_item - Projects
Inserted - Post 1631 - nav_menu_item - News
Inserted - Post 1632 - nav_menu_item - Get Involed
Inserted - Post 1633 - nav_menu_item - About
Inserted - Post 1634 - nav_menu_item - Donate
Inserted - Post 1635 - nav_menu_item - Press Kit
Inserted - Post 1636 - nav_menu_item - Events
Inserted - Post 1637 - nav_menu_item - Visiting
Inserted - Post 1638 - nav_menu_item - Volunteering
Inserted - Post 1639 - nav_menu_item - FAQs
Inserted - Post 1640 - attachment - dollar-icon
Inserted - Post 1641 - attachment - animal-welfare-black
Inserted - Post 1642 - attachment - volunteer-team
Inserted - Post 1643 - page - Home
Inserted - Post 1644 - page - About Us
Inserted - Post 1645 - page - Contact
Inserted - Post 1646 - page - See All Campaigns
Inserted - Post 1647 - page - Donation Success
Inserted - Post 1648 - page - Donation History
Inserted - Post 1649 - page - Donation Failed
Inserted - Post 1650 - page - Star Contributors
Inserted - Post 1651 - nav_menu_item - South Africa
Inserted - Post 1652 - nav_menu_item - India
Inserted - Post 1653 - nav_menu_item - Kenya
Inserted - Post 1654 - nav_menu_item - Australia
Inserted - Post 1655 - nav_menu_item - USA